2023-08-09 15:59:17,496 [INFO] from akka.event.slf4j.Slf4jLogger in application-akka.actor.default-dispatcher-6 - Slf4jLogger started
2023-08-09 15:59:17,690 [INFO] from org.hibernate.validator.internal.util.Version in play-dev-mode-akka.actor.default-dispatcher-8 - HV000001: Hibernate Validator 6.1.0.Final
2023-08-09 15:59:17,920 [INFO] from play.api.http.EnabledFilters in play-dev-mode-akka.actor.default-dispatcher-8 - Enabled Filters (see <https://www.playframework.com/documentation/latest/Filters>):

    play.filters.csrf.CSRFFilter
    play.filters.headers.SecurityHeadersFilter
    play.filters.hosts.AllowedHostsFilter
    play.filters.csrf.CSRFFilter

2023-08-09 15:59:17,935 [INFO] from play.api.Play in play-dev-mode-akka.actor.default-dispatcher-8 - Application started (Dev) (no global state)
2023-08-09 15:59:18,124 [WARN] from play.api.mvc.DefaultJWTCookieDataCodec in application-akka.actor.default-dispatcher-6 - decode: cookie has invalid signature! message = JWT signature does not match locally computed signature. JWT validity cannot be asserted and should not be trusted.
2023-08-09 15:59:18,126 [INFO] from play.api.mvc.DefaultJWTCookieDataCodec in application-akka.actor.default-dispatcher-6 - The JWT signature in the cookie does not match the locally computed signature with the server. This usually indicates the browser has a leftover cookie from another Play application, so clearing cookies may resolve this error message.
2023-08-09 16:08:04,580 [ERROR] from akka.actor.OneForOneStrategy in application-akka.actor.default-dispatcher-9 - null
java.lang.NullPointerException: null
	at structures.AI.TileforRockP(AI.java:479)
	at structures.AI.executeBestCard(AI.java:344)
	at structures.AI.helperExecutingCards(AI.java:303)
	at structures.AI.executeAICard(AI.java:270)
	at events.EndTurnClicked.processEvent(EndTurnClicked.java:51)
	at actors.GameActor.processMessage(GameActor.java:109)
	at actors.GameActor.lambda$createReceive$0(GameActor.java:89)
	at akka.japi.pf.UnitCaseStatement.apply(CaseStatements.scala:24)
	at akka.japi.pf.UnitCaseStatement.apply(CaseStatements.scala:20)
	at scala.PartialFunction.applyOrElse(PartialFunction.scala:187)
	at scala.PartialFunction.applyOrElse$(PartialFunction.scala:186)
	at akka.japi.pf.UnitCaseStatement.applyOrElse(CaseStatements.scala:20)
	at scala.PartialFunction$OrElse.applyOrElse(PartialFunction.scala:241)
	at akka.actor.Actor.aroundReceive(Actor.scala:534)
	at akka.actor.Actor.aroundReceive$(Actor.scala:532)
	at akka.actor.AbstractActor.aroundReceive(AbstractActor.scala:220)
	at akka.actor.ActorCell.receiveMessage(ActorCell.scala:573)
	at akka.actor.ActorCell.invoke(ActorCell.scala:543)
	at akka.dispatch.Mailbox.processMailbox(Mailbox.scala:269)
	at akka.dispatch.Mailbox.run(Mailbox.scala:230)
	at akka.dispatch.Mailbox.exec(Mailbox.scala:242)
	at java.base/java.util.concurrent.ForkJoinTask.doExec(ForkJoinTask.java:290)
	at java.base/java.util.concurrent.ForkJoinPool$WorkQueue.topLevelExec(ForkJoinPool.java:1020)
	at java.base/java.util.concurrent.ForkJoinPool.scan(ForkJoinPool.java:1656)
	at java.base/java.util.concurrent.ForkJoinPool.runWorker(ForkJoinPool.java:1594)
	at java.base/java.util.concurrent.ForkJoinWorkerThread.run(ForkJoinWorkerThread.java:183)
2023-08-09 16:14:49,527 [INFO] from play.core.server.AkkaHttpServer in play-dev-mode-shutdown-hook-1 - Stopping Akka HTTP server...
2023-08-09 16:14:49,544 [INFO] from play.core.server.AkkaHttpServer in play-dev-mode-akka.actor.internal-dispatcher-29 - Terminating server binding for /0:0:0:0:0:0:0:0:9000
2023-08-09 16:14:49,659 [INFO] from play.core.server.AkkaHttpServer in play-dev-mode-akka.actor.internal-dispatcher-2 - Running provided shutdown stop hooks
